<?xml version="1.0" encoding="UTF-8"?>
<testsuite xmlns:xsi="http://www.w3.org/2001/XMLSchema-instance" xsi:noNamespaceSchemaLocation="https://maven.apache.org/surefire/maven-surefire-plugin/xsd/surefire-test-report-3.0.xsd" version="3.0" name="com.example.demo.DemoApplicationTests" time="6.326" tests="1" errors="0" skipped="0" failures="0">
  <properties>
[...]
</properties>
  <testcase name="contextLoads" classname="com.example.demo.DemoApplicationTests" time="1.216">
    <system-out><![CDATA[10:01:43.367 [main] INFO org.springframework.test.context.support.AnnotationConfigContextLoaderUtils -- Could not detect default configuration classes for test class [com.example.demo.DemoApplicationTests]: DemoApplicationTests does not declare any static, non-private, non-final, nested classes annotated with @Configuration.
10:01:43.511 [main] INFO org.springframework.boot.test.context.SpringBootTestContextBootstrapper -- Found @SpringBootConfiguration com.example.demo.BVresource for test class com.example.demo.DemoApplicationTests

  .   ____          _            __ _ _
 /\\ / ___'_ __ _ _(_)_ __  __ _ \ \ \ \
( ( )\___ | '_ | '_| | '_ \/ _` | \ \ \ \
 \\/  ___)| |_)| | | | | || (_| |  ) ) ) )
  '  |____| .__|_| |_|_| |_\__, | / / / /
 =========|_|==============|___/=/_/_/_/
 :: Spring Boot ::                (v3.1.0)

2025-06-05T10:01:44.061+05:30  INFO 20984 --- [           main] com.example.demo.DemoApplicationTests    : Starting DemoApplicationTests using Java 17.0.12 with PID 20984 (started by ASUS in E:\BV-resource\demo)
2025-06-05T10:01:44.063+05:30  INFO 20984 --- [           main] com.example.demo.DemoApplicationTests    : No active profile set, falling back to 1 default profile: "default"
2025-06-05T10:01:45.769+05:30  INFO 20984 --- [           main] .s.d.r.c.RepositoryConfigurationDelegate : Bootstrapping Spring Data MongoDB repositories in DEFAULT mode.
2025-06-05T10:01:45.855+05:30  INFO 20984 --- [           main] .s.d.r.c.RepositoryConfigurationDelegate : Finished Spring Data repository scanning in 75 ms. Found 4 MongoDB repository interfaces.
2025-06-05T10:01:46.828+05:30  INFO 20984 --- [           main] org.mongodb.driver.client                : MongoClient with metadata {"driver": {"name": "mongo-java-driver|sync|spring-boot", "version": "4.9.1"}, "os": {"type": "Windows", "name": "Windows 11", "architecture": "amd64", "version": "10.0"}, "platform": "Java/Oracle Corporation/17.0.12+8-LTS-286", "application": {"name": "Cluster0"}} created with settings MongoClientSettings{readPreference=primary, writeConcern=WriteConcern{w=majority, wTimeout=null ms, journal=null}, retryWrites=true, retryReads=true, readConcern=ReadConcern{level=null}, credential=MongoCredential{mechanism=null, userName='BVresource', source='admin', password=<hidden>, mechanismProperties=<hidden>}, streamFactoryFactory=null, commandListeners=[], codecRegistry=ProvidersCodecRegistry{codecProviders=[ValueCodecProvider{}, BsonValueCodecProvider{}, DBRefCodecProvider{}, DBObjectCodecProvider{}, DocumentCodecProvider{}, CollectionCodecProvider{}, IterableCodecProvider{}, MapCodecProvider{}, GeoJsonCodecProvider{}, GridFSFileCodecProvider{}, Jsr310CodecProvider{}, JsonObjectCodecProvider{}, BsonCodecProvider{}, EnumCodecProvider{}, com.mongodb.client.model.mql.ExpressionCodecProvider@69aa7d76, com.mongodb.Jep395RecordCodecProvider@33f17289]}, loggerSettings=LoggerSettings{maxDocumentLength=1000}, clusterSettings={hosts=[127.0.0.1:27017], srvHost=cluster0.v8xd2.mongodb.net, srvServiceName=mongodb, mode=MULTIPLE, requiredClusterType=REPLICA_SET, requiredReplicaSetName='atlas-ewnnln-shard-0', serverSelector='null', clusterListeners='[]', serverSelectionTimeout='30000 ms', localThreshold='30000 ms'}, socketSettings=SocketSettings{connectTimeoutMS=10000, readTimeoutMS=0, receiveBufferSize=0, sendBufferSize=0}, heartbeatSocketSettings=SocketSettings{connectTimeoutMS=10000, readTimeoutMS=10000, receiveBufferSize=0, sendBufferSize=0}, connectionPoolSettings=ConnectionPoolSettings{maxSize=100, minSize=0, maxWaitTimeMS=120000, maxConnectionLifeTimeMS=0, maxConnectionIdleTimeMS=0, maintenanceInitialDelayMS=0, maintenanceFrequencyMS=60000, connectionPoolListeners=[], maxConnecting=2}, serverSettings=ServerSettings{heartbeatFrequencyMS=10000, minHeartbeatFrequencyMS=500, serverListeners='[]', serverMonitorListeners='[]'}, sslSettings=SslSettings{enabled=true, invalidHostNameAllowed=false, context=null}, applicationName='Cluster0', compressorList=[], uuidRepresentation=JAVA_LEGACY, serverApi=null, autoEncryptionSettings=null, contextProvider=null}
2025-06-05T10:01:47.104+05:30  INFO 20984 --- [xd2.mongodb.net] org.mongodb.driver.cluster               : Adding discovered server cluster0-shard-00-02.v8xd2.mongodb.net:27017 to client view of cluster
2025-06-05T10:01:47.142+05:30  INFO 20984 --- [xd2.mongodb.net] org.mongodb.driver.cluster               : Adding discovered server cluster0-shard-00-01.v8xd2.mongodb.net:27017 to client view of cluster
2025-06-05T10:01:47.144+05:30  INFO 20984 --- [xd2.mongodb.net] org.mongodb.driver.cluster               : Adding discovered server cluster0-shard-00-00.v8xd2.mongodb.net:27017 to client view of cluster
2025-06-05T10:01:48.224+05:30  INFO 20984 --- [           main] com.example.demo.DemoApplicationTests    : Started DemoApplicationTests in 4.48 seconds (process running for 6.483)
2025-06-05T10:01:48.353+05:30  INFO 20984 --- [ngodb.net:27017] org.mongodb.driver.cluster               : Monitor thread successfully connected to server with description ServerDescription{address=cluster0-shard-00-00.v8xd2.mongodb.net:27017, type=REPLICA_SET_SECONDARY, state=CONNECTED, ok=true, minWireVersion=0, maxWireVersion=25, maxDocumentSize=16777216, logicalSessionTimeoutMinutes=30, roundTripTimeNanos=588177900, setName='atlas-ewnnln-shard-0', canonicalAddress=cluster0-shard-00-00.v8xd2.mongodb.net:27017, hosts=[cluster0-shard-00-01.v8xd2.mongodb.net:27017, cluster0-shard-00-02.v8xd2.mongodb.net:27017, cluster0-shard-00-00.v8xd2.mongodb.net:27017], passives=[], arbiters=[], primary='cluster0-shard-00-02.v8xd2.mongodb.net:27017', tagSet=TagSet{[Tag{name='availabilityZone', value='aps1-az1'}, Tag{name='diskState', value='READY'}, Tag{name='nodeType', value='ELECTABLE'}, Tag{name='provider', value='AWS'}, Tag{name='region', value='AP_SOUTH_1'}, Tag{name='workloadType', value='OPERATIONAL'}]}, electionId=null, setVersion=1, topologyVersion=TopologyVersion{processId=68405b304084e00fd997e366, counter=4}, lastWriteDate=Thu Jun 05 10:01:48 IST 2025, lastUpdateTimeNanos=3304037778800}
2025-06-05T10:01:48.354+05:30  INFO 20984 --- [ngodb.net:27017] org.mongodb.driver.cluster               : Monitor thread successfully connected to server with description ServerDescription{address=cluster0-shard-00-01.v8xd2.mongodb.net:27017, type=REPLICA_SET_SECONDARY, state=CONNECTED, ok=true, minWireVersion=0, maxWireVersion=25, maxDocumentSize=16777216, logicalSessionTimeoutMinutes=30, roundTripTimeNanos=384275200, setName='atlas-ewnnln-shard-0', canonicalAddress=cluster0-shard-00-01.v8xd2.mongodb.net:27017, hosts=[cluster0-shard-00-01.v8xd2.mongodb.net:27017, cluster0-shard-00-02.v8xd2.mongodb.net:27017, cluster0-shard-00-00.v8xd2.mongodb.net:27017], passives=[], arbiters=[], primary='cluster0-shard-00-02.v8xd2.mongodb.net:27017', tagSet=TagSet{[Tag{name='availabilityZone', value='aps1-az3'}, Tag{name='diskState', value='READY'}, Tag{name='nodeType', value='ELECTABLE'}, Tag{name='provider', value='AWS'}, Tag{name='region', value='AP_SOUTH_1'}, Tag{name='workloadType', value='OPERATIONAL'}]}, electionId=null, setVersion=1, topologyVersion=TopologyVersion{processId=684060206169a029486c836c, counter=3}, lastWriteDate=Thu Jun 05 10:01:48 IST 2025, lastUpdateTimeNanos=3304037870700}
2025-06-05T10:01:48.354+05:30  INFO 20984 --- [ngodb.net:27017] org.mongodb.driver.cluster               : Monitor thread successfully connected to server with description ServerDescription{address=cluster0-shard-00-02.v8xd2.mongodb.net:27017, type=REPLICA_SET_PRIMARY, state=CONNECTED, ok=true, minWireVersion=0, maxWireVersion=25, maxDocumentSize=16777216, logicalSessionTimeoutMinutes=30, roundTripTimeNanos=434917300, setName='atlas-ewnnln-shard-0', canonicalAddress=cluster0-shard-00-02.v8xd2.mongodb.net:27017, hosts=[cluster0-shard-00-01.v8xd2.mongodb.net:27017, cluster0-shard-00-02.v8xd2.mongodb.net:27017, cluster0-shard-00-00.v8xd2.mongodb.net:27017], passives=[], arbiters=[], primary='cluster0-shard-00-02.v8xd2.mongodb.net:27017', tagSet=TagSet{[Tag{name='availabilityZone', value='aps1-az2'}, Tag{name='diskState', value='READY'}, Tag{name='nodeType', value='ELECTABLE'}, Tag{name='provider', value='AWS'}, Tag{name='region', value='AP_SOUTH_1'}, Tag{name='workloadType', value='OPERATIONAL'}]}, electionId=7fffffff000000000000008f, setVersion=1, topologyVersion=TopologyVersion{processId=68405e2724b43faae601c5c8, counter=6}, lastWriteDate=Thu Jun 05 10:01:48 IST 2025, lastUpdateTimeNanos=3304037778800}
2025-06-05T10:01:48.359+05:30  INFO 20984 --- [ngodb.net:27017] org.mongodb.driver.cluster               : Discovered replica set primary cluster0-shard-00-02.v8xd2.mongodb.net:27017 with max election id 7fffffff000000000000008f and max set version 1
]]></system-out>
  </testcase>
</testsuite>